<?xml version="1.0" encoding="UTF-8"?>
<testsuite xmlns:xsi="http://www.w3.org/2001/XMLSchema-instance" xsi:noNamespaceSchemaLocation="https://maven.apache.org/surefire/maven-surefire-plugin/xsd/surefire-test-report-3.0.xsd" version="3.0" name="edu.uob.ExampleDBTests" time="0.121" tests="4" errors="0" skipped="0" failures="0">
  <properties>
[...]
</properties>
  <testcase name="testQueryID" classname="edu.uob.ExampleDBTests" time="0.041">
    <system-out><![CDATA[========================
CREATE DATABASE detkwwlotb;
[OK] Switched to database: detkwwlotb
========================

========================
USE detkwwlotb;
[OK]
========================

========================
CREATE TABLE marks (name, mark, pass);
[OK] Table created
========================

========================
INSERT INTO marks VALUES ('Simon', 65, TRUE);
[OK] Insert successful
========================

========================
SELECT id FROM marks WHERE name == 'Simon';
[OK]
id
1
========================

]]></system-out>
  </testcase>
  <testcase name="testBasicCreateAndQuery" classname="edu.uob.ExampleDBTests" time="0.026">
    <system-out><![CDATA[========================
CREATE DATABASE tfmmyuarqn;
[OK] Switched to database: tfmmyuarqn
========================

========================
USE tfmmyuarqn;
[OK]
========================

========================
CREATE TABLE marks (name, mark, pass);
[OK] Table created
========================

========================
INSERT INTO marks VALUES ('Simon', 65, TRUE);
[OK] Insert successful
========================

========================
INSERT INTO marks VALUES ('Sion', 55, TRUE);
[OK] Insert successful
========================

========================
INSERT INTO marks VALUES ('Rob', 35, FALSE);
[OK] Insert successful
========================

========================
INSERT INTO marks VALUES ('Chris', 20, FALSE);
[OK] Insert successful
========================

========================
SELECT * FROM marks;
[OK]
id	name	mark	pass
1	Simon	65	TRUE
2	Sion	55	TRUE
3	Rob	35	FALSE
4	Chris	20	FALSE
========================

]]></system-out>
  </testcase>
  <testcase name="testTablePersistsAfterRestart" classname="edu.uob.ExampleDBTests" time="0.02">
    <system-out><![CDATA[========================
CREATE DATABASE qaypmfkerm;
[OK] Switched to database: qaypmfkerm
========================

========================
USE qaypmfkerm;
[OK]
========================

========================
CREATE TABLE marks (name, mark, pass);
[OK] Table created
========================

========================
INSERT INTO marks VALUES ('Simon', 65, TRUE);
[OK] Insert successful
========================

========================
USE qaypmfkerm;
[OK]
========================

========================
SELECT * FROM marks;
[OK]
id	name	mark	pass
1	Simon	65	TRUE
========================

]]></system-out>
  </testcase>
  <testcase name="testForErrorTag" classname="edu.uob.ExampleDBTests" time="0.018">
    <system-out><![CDATA[========================
CREATE DATABASE xyutjoqlru;
[OK] Switched to database: xyutjoqlru
========================

========================
USE xyutjoqlru;
[OK]
========================

========================
CREATE TABLE marks (name, mark, pass);
[OK] Table created
========================

========================
INSERT INTO marks VALUES ('Simon', 65, TRUE);
[OK] Insert successful
========================

========================
SELECT * FROM libraryfines;
[ERROR] Table does not exist
========================

]]></system-out>
  </testcase>
</testsuite>