<?xml version="1.0" encoding="UTF-8"?>
<testsuite xmlns:xsi="http://www.w3.org/2001/XMLSchema-instance" xsi:noNamespaceSchemaLocation="https://maven.apache.org/surefire/maven-surefire-plugin/xsd/surefire-test-report-3.0.xsd" version="3.0" name="edu.uob.mytest" time="0.457" tests="5" errors="0" skipped="0" failures="0">
  <properties>
[...]
</properties>
  <testcase name="testSelectConditions" classname="edu.uob.mytest" time="0.278">
    <system-out><![CDATA[ksnxaseknw
========================
CREATE DATABASE ksnxaseknw;
[OK] Switched to database: ksnxaseknw
========================

ksnxaseknw
========================
USE ksnxaseknw;
[OK]
========================

/Users/apple01/cw-db加测试版/cw-db-over/databases/ksnxaseknw/person.tab123456
========================
CREATE TABLE person (name, age, city);
[OK] Table created
========================

========================
INSERT INTO person VALUES ('Alice', 30, 'NewYork');
[OK] Insert successful
========================

========================
INSERT INTO person VALUES ('Bob', 25, 'LosAngeles');
[OK] Insert successful
========================

========================
INSERT INTO person VALUES ('Charlie', 35, 'Chicago');
[OK] Insert successful
========================

[DEBUG] Executing SELECT command: SELECT * FROM person WHERE ((age > 26) OR (city == 'LosAngeles'));
[DEBUG] Extracted table name: 'person'
[DEBUG] Looking for table file at: /Users/apple01/cw-db加测试版/cw-db-over/databases/ksnxaseknw/person.tab
[DEBUG] Retrieved table header: id	name	age	city
[DEBUG] Processed header columns: [id, name, age, city]
[DEBUG] Selected columns from query: [*]
[DEBUG] Selected column indices: [0, 1, 2, 3]
[DEBUG] Parsed condition: 'age > 26'
[DEBUG] Parsed condition: 'city == LosAngeles'
[DEBUG] Row 1 condition (age > 26): '30'
[DEBUG] Row 2 condition (age > 26): '25'
[DEBUG] Row 2 condition (city == LosAngeles): 'LosAngeles'
[DEBUG] Row 3 condition (age > 26): '35'
========================
SELECT * FROM person WHERE ((age > 26) OR (city == 'LosAngeles'));
[OK]
id	name	age	city
1	Alice	30	NewYork
2	Bob	25	LosAngeles
3	Charlie	35	Chicago
========================

[DEBUG] Executing SELECT command: SELECT * FROM person WHERE ((age > 26) AND (city == 'Chicago'));
[DEBUG] Extracted table name: 'person'
[DEBUG] Looking for table file at: /Users/apple01/cw-db加测试版/cw-db-over/databases/ksnxaseknw/person.tab
[DEBUG] Retrieved table header: id	name	age	city
[DEBUG] Processed header columns: [id, name, age, city]
[DEBUG] Selected columns from query: [*]
[DEBUG] Selected column indices: [0, 1, 2, 3]
[DEBUG] Parsed condition: 'age > 26'
[DEBUG] Parsed condition: 'city == Chicago'
[DEBUG] Row 1 condition (age > 26): '30'
[DEBUG] Row 1 condition (city == Chicago): 'NewYork'
[DEBUG] Row 2 condition (age > 26): '25'
[DEBUG] Row 3 condition (age > 26): '35'
[DEBUG] Row 3 condition (city == Chicago): 'Chicago'
========================
SELECT * FROM person WHERE ((age > 26) AND (city == 'Chicago'));
[OK]
id	name	age	city
3	Charlie	35	Chicago
========================

[DEBUG] Executing SELECT command: SELECT * FROM person WHERE (name LIKE 'Al');
[DEBUG] Extracted table name: 'person'
[DEBUG] Looking for table file at: /Users/apple01/cw-db加测试版/cw-db-over/databases/ksnxaseknw/person.tab
[DEBUG] Retrieved table header: id	name	age	city
[DEBUG] Processed header columns: [id, name, age, city]
[DEBUG] Selected columns from query: [*]
[DEBUG] Selected column indices: [0, 1, 2, 3]
[DEBUG] Parsed condition: 'name LIKE Al'
[DEBUG] Row 1 condition (name LIKE Al): 'Alice'
[DEBUG] Row 2 condition (name LIKE Al): 'Bob'
[DEBUG] Row 3 condition (name LIKE Al): 'Charlie'
========================
SELECT * FROM person WHERE (name LIKE 'Al');
[OK]
id	name	age	city
1	Alice	30	NewYork
========================

]]></system-out>
  </testcase>
  <testcase name="testQueryID" classname="edu.uob.mytest" time="0.02">
    <system-out><![CDATA[asduvsrxsr
========================
CREATE DATABASE asduvsrxsr;
[OK] Switched to database: asduvsrxsr
========================

asduvsrxsr
========================
USE asduvsrxsr;
[OK]
========================

/Users/apple01/cw-db加测试版/cw-db-over/databases/asduvsrxsr/marks.tab123456
========================
CREATE TABLE marks (name, mark, pass);
[OK] Table created
========================

========================
INSERT INTO marks VALUES ('Alice', 30, TRUE);
[OK] Insert successful
========================

[DEBUG] Executing SELECT command: SELECT id FROM marks WHERE name == 'Alice';
[DEBUG] Extracted table name: 'marks'
[DEBUG] Looking for table file at: /Users/apple01/cw-db加测试版/cw-db-over/databases/asduvsrxsr/marks.tab
[DEBUG] Retrieved table header: id	name	mark	pass
[DEBUG] Processed header columns: [id, name, mark, pass]
[DEBUG] Selected columns from query: [id]
[DEBUG] Selected column indices: [0]
[DEBUG] Parsed condition: 'name == Alice'
[DEBUG] Row 1 condition (name == Alice): 'Alice'
========================
SELECT id FROM marks WHERE name == 'Alice';
[OK]
id
1
========================

]]></system-out>
  </testcase>
  <testcase name="testBasicCreateAndQuery" classname="edu.uob.mytest" time="0.023">
    <system-out><![CDATA[hxbkafsofl
========================
CREATE DATABASE hxbkafsofl;
[OK] Switched to database: hxbkafsofl
========================

hxbkafsofl
========================
USE hxbkafsofl;
[OK]
========================

/Users/apple01/cw-db加测试版/cw-db-over/databases/hxbkafsofl/marks.tab123456
========================
CREATE TABLE marks (name, mark, pass);
[OK] Table created
========================

========================
INSERT INTO marks VALUES ('Alice', 30, TRUE);
[OK] Insert successful
========================

========================
INSERT INTO marks VALUES ('Bob', 25, FALSE);
[OK] Insert successful
========================

[DEBUG] Executing SELECT command: SELECT * FROM marks;
[DEBUG] Extracted table name: 'marks'
[DEBUG] Looking for table file at: /Users/apple01/cw-db加测试版/cw-db-over/databases/hxbkafsofl/marks.tab
[DEBUG] Retrieved table header: id	name	mark	pass
[DEBUG] Processed header columns: [id, name, mark, pass]
[DEBUG] Selected columns from query: [*]
[DEBUG] Selected column indices: [0, 1, 2, 3]
========================
SELECT * FROM marks;
[OK]
id	name	mark	pass
1	Alice	30	TRUE
2	Bob	25	FALSE
========================

]]></system-out>
  </testcase>
  <testcase name="testTablePersistsAfterRestart" classname="edu.uob.mytest" time="0.03">
    <system-out><![CDATA[szliughzhd
========================
CREATE DATABASE szliughzhd;
[OK] Switched to database: szliughzhd
========================

szliughzhd
========================
USE szliughzhd;
[OK]
========================

/Users/apple01/cw-db加测试版/cw-db-over/databases/szliughzhd/marks.tab123456
========================
CREATE TABLE marks (name, mark, pass);
[OK] Table created
========================

========================
INSERT INTO marks VALUES ('Alice', 30, TRUE);
[OK] Insert successful
========================

szliughzhd
========================
USE szliughzhd;
[OK]
========================

[DEBUG] Executing SELECT command: SELECT * FROM marks;
[DEBUG] Extracted table name: 'marks'
[DEBUG] Looking for table file at: /Users/apple01/cw-db加测试版/cw-db-over/databases/szliughzhd/marks.tab
[DEBUG] Retrieved table header: id	name	mark	pass
[DEBUG] Processed header columns: [id, name, mark, pass]
[DEBUG] Selected columns from query: [*]
[DEBUG] Selected column indices: [0, 1, 2, 3]
========================
SELECT * FROM marks;
[OK]
id	name	mark	pass
1	Alice	30	TRUE
========================

]]></system-out>
  </testcase>
  <testcase name="testForErrorTag" classname="edu.uob.mytest" time="0.017">
    <system-out><![CDATA[taizmncuor
========================
CREATE DATABASE taizmncuor;
[OK] Switched to database: taizmncuor
========================

taizmncuor
========================
USE taizmncuor;
[OK]
========================

[DEBUG] Executing SELECT command: SELECT * FROM nonexisttable;
[DEBUG] Extracted table name: 'nonexisttable'
[DEBUG] Looking for table file at: /Users/apple01/cw-db加测试版/cw-db-over/databases/taizmncuor/nonexisttable.tab
[DEBUG] Table file does not exist.
========================
SELECT * FROM nonexisttable;
[ERROR] Table does not exist
========================

]]></system-out>
  </testcase>
</testsuite>