<?xml version="1.0" encoding="UTF-8"?>
<testsuite xmlns:xsi="http://www.w3.org/2001/XMLSchema-instance" xsi:noNamespaceSchemaLocation="https://maven.apache.org/surefire/maven-surefire-plugin/xsd/surefire-test-report-3.0.xsd" version="3.0" name="edu.uob.FinalTests" time="0.41" tests="4" errors="0" skipped="0" failures="0">
  <properties>
[...]
</properties>
  <testcase name="testDoc" classname="edu.uob.FinalTests" time="0.196">
    <system-out><![CDATA[========================
CREATE DATABASE ubuhpqgcej;
[OK] Switched to database: ubuhpqgcej
========================

========================
USE ubuhpqgcej;
[OK]
========================

========================
CREATE TABLE Marks (name, mark, pass);
[OK] Table created
========================

========================
INSERT INTO marks VALUES ('Simon', 65, TRUE);
[OK] Insert successful
========================

========================
INSERT INTO marks VALUES ('Sion', 55, TRUE);
[OK] Insert successful
========================

========================
INSERT INTO marks VALUES ('Rob', 35, FALSE);
[OK] Insert successful
========================

========================
INSERT INTO marks VALUES ('Chris', 20, FALSE);
[OK] Insert successful
========================

========================
CREATE TABLE coursework (task, submission);
[OK] Table created
========================

========================
INSERT INTO coursework VALUES ('OXO', 3);
[OK] Insert successful
========================

========================
INSERT INTO coursework VALUES ('DB', 1);
[OK] Insert successful
========================

========================
INSERT INTO coursework VALUES ('OXO', 4);
[OK] Insert successful
========================

========================
INSERT INTO coursework VALUES ('STAG', 2);
[OK] Insert successful
========================

========================
SELECT * FROM marks;
[OK]
id	name	mark	pass
1	Simon	65	TRUE
2	Sion	55	TRUE
3	Rob	35	FALSE
4	Chris	20	FALSE
========================

========================
JOIN coursework AND marks ON submission AND id;
[OK]
id	coursework.task	marks.name	marks.mark	marks.pass
1	OXO	Rob	35	FALSE
2	DB	Simon	65	TRUE
3	OXO	Chris	20	FALSE
4	STAG	Sion	55	TRUE

========================

[OK]
id	coursework.task	marks.name	marks.mark	marks.pass
1	OXO	Rob	35	FALSE
2	DB	Simon	65	TRUE
3	OXO	Chris	20	FALSE
4	STAG	Sion	55	TRUE

========================
UPDATE marks SET mark = 38 WHERE name == 'Chris';
[OK] Update successful
========================

========================
SELECT * FROM marks WHERE name == 'Chris';
[OK]
id	name	mark	pass
4	Chris	38	FALSE
========================

========================
DELETE FROM marks WHERE name == 'Sion';
[OK] Delete successful
========================

========================
SELECT * FROM marks;
[OK]
id	name	mark	pass
1	Simon	65	TRUE
3	Rob	35	FALSE
4	Chris	38	FALSE
========================

========================
SELECT * FROM marks WHERE (pass == FALSE) AND (mark > 35);
[OK]
id	name	mark	pass
4	Chris	38	FALSE
========================

========================
SELECT * FROM marks WHERE name LIKE 'i';
[OK]
id	name	mark	pass
1	Simon	65	TRUE
4	Chris	38	FALSE
========================

========================
ALTER TABLE marks ADD age;
[OK] Column added
========================

========================
SELECT * FROM marks;
[OK]
id	name	mark	pass	age
1	Simon	65	TRUE	
3	Rob	35	FALSE	
4	Chris	38	FALSE	
========================

[DEBUG] Verified new table header from file: id	name	mark	age
========================
ALTER TABLE marks DROP pass;
[OK] Column dropped
========================

========================
UPDATE marks SET age = 35 WHERE name == 'Simon';
[OK] Update successful
========================

========================
SELECT * FROM marks;
[OK]
id	name	mark	age
1	Simon	65	35
3	Rob	35
4	Chris	38
========================

========================
SELECT * FROM crew;
[ERROR] Table does not exist
========================

========================
SELECT height FROM marks WHERE name == 'Chris';
[ERROR] Column 'height' does not exist
========================

========================
DROP TABLE marks;
[OK] Table dropped
========================

========================
DROP DATABASE ubuhpqgcej;
[OK] Database dropped
========================

]]></system-out>
  </testcase>
  <testcase name="testDifficult2" classname="edu.uob.FinalTests" time="0.022">
    <system-out><![CDATA[========================
CREATE DATABASE ewafuknxmv;
[OK] Switched to database: ewafuknxmv
========================

========================
USE ewafuknxmv;
[OK]
========================

========================
CREATE TABLE marks (name, mark, pass);
[OK] Table created
========================

========================
INSERT INTO marks VALUES('%.{$abc}abc', 65.1, TRUE);
[OK] Insert successful
========================

========================
USE ewafuknxmv;
[OK]
========================

========================
SELECT * FROM marks WHERE (pass == FALSE) AND (mark > 35);
[OK]
id	name	mark	pass
========================

========================
SELECT * FROM marks WHERE (pass == FALSE) AND (mark > 35);
[OK]
id	name	mark	pass
========================

========================
drop table balabala;
[ERROR] Table does not exist
========================

========================
drop database balabala;
[ERROR] Database does not exist
========================

]]></system-out>
  </testcase>
  <testcase name="testUpperCases" classname="edu.uob.FinalTests" time="0.025">
    <system-out><![CDATA[========================
CREATE DATABASE AYSWDAYVJC;
[OK] Switched to database: AYSWDAYVJC
========================

========================
USE  AYSWDAYVJC;
[OK]
========================

========================
CREATE TABLE marKs (name, mark, pass);
[OK] Table created
========================

========================
CREATE TABLE test (name, naMe, Name);
[ERROR] Duplicate column name: name
========================

========================
INSERT INTO Marks VALUES('%.{$abc}abc', 65.1, TRUE);
[OK] Insert successful
========================

========================
USE ayswdAYVJC;
[OK]
========================

========================
SELECT * FROM MARKS WHERE (pass == FALSE) AND (mark > 35);
[OK]
id	name	mark	pass
========================

========================
SELECT * FROM marks WHERE (pass == FALSE) AND (mark > 35);
[OK]
id	name	mark	pass
========================

========================
SELECT * FROM marks WHERE () AND ();
[ERROR] Invalid WHERE clause
========================

========================
SELECT * FROM marks WHERE ((pass == FALSE) AND (mark > 35));
[OK]
id	name	mark	pass
========================

========================
SELECT * FROM marks WHERE ((pass == FALSE) OR (mark > 35);
[ERROR] Column (mark does not exist
========================

]]></system-out>
  </testcase>
  <testcase name="testDifficult" classname="edu.uob.FinalTests" time="0.054">
    <system-out><![CDATA[========================
CREATE DATABASE fwmuwkfudb;
[OK] Switched to database: fwmuwkfudb
========================

========================
USE fwmuwkfudb;
[OK]
========================

========================
CREATE TABLE marks (name, mark, pass);
[OK] Table created
========================

========================
INSERT INTO marks VALUES ('Simon', 65, TRUE);
[OK] Insert successful
========================

========================
INSERT INTO marks VALUES ('Sion', 55, TRUE);
[OK] Insert successful
========================

========================
INSERT INTO marks VALUES ('Rob', 35, FALSE);
[OK] Insert successful
========================

========================
INSERT INTO marks VALUES ('Chris', 20, FALSE);
[OK] Insert successful
========================

========================
CREATE TABLE coursework (task, submission);
[OK] Table created
========================

========================
INSERT INTO coursework VALUES ('OXO', 3);
[OK] Insert successful
========================

========================
INSERT INTO coursework VALUES ('DB', 1);
[OK] Insert successful
========================

========================
INSERT INTO coursework VALUES ('OXO', 4);
[OK] Insert successful
========================

========================
INSERT INTO coursework VALUES ('STAG', 2);
[OK] Insert successful
========================

========================
INSERT INTO coursework VALUES ('STAG); drop database fwmuwkfudb;', 2);
[OK] Insert successful
========================

[DEBUG] Verified new table header from file: id	name	mark
========================
ALTER TABLE marks DROP pass;
[OK] Column dropped
========================

========================
SELECT * FROM marks where pass == NULL;
[ERROR] Column pass does not exist
========================

========================
update marks set id=3 where mark==65;
[ERROR] Cannot update primary key
========================

========================
ALTER TABLE marks DROP id;
[ERROR] Cannot drop primary key
========================

]]></system-out>
  </testcase>
</testsuite>